<?xml version="1.0" encoding="UTF-8"?>
<!-- Generated by org.testng.reporters.JUnitReportReporter -->
<testsuite hostname="Garimas-MacBook-Air-3.local" failures="0" tests="1" name="selenium4Tests.handlingAlerts" time="3.607" errors="0" timestamp="2024-01-29T18:59:42 ICT" skipped="0">
  <testcase classname="selenium4Tests.handlingAlerts" name="alerts" time="3.607"/>
</testsuite> <!-- selenium4Tests.handlingAlerts -->
