<?xml version="1.0" encoding="UTF-8"?>
<!-- Generated by org.testng.reporters.JUnitReportReporter -->
<testsuite hostname="Garimas-MacBook-Air-3.local" failures="0" tests="1" name="selenium4Tests.handlingLists" time="5.434" errors="0" timestamp="2024-01-30T18:30:34 ICT" skipped="0">
  <testcase classname="selenium4Tests.handlingLists" name="lists" time="5.434"/>
</testsuite> <!-- selenium4Tests.handlingLists -->
