<?xml version="1.0" encoding="UTF-8"?>
<!-- Generated by org.testng.reporters.JUnitReportReporter -->
<testsuite hostname="Garimas-MacBook-Air-3.local" failures="0" tests="1" name="selenium4Tests.keyBoardActions" time="11.635" errors="0" timestamp="2024-01-30T18:30:34 ICT" skipped="0">
  <testcase classname="selenium4Tests.keyBoardActions" name="keyActions" time="11.635"/>
</testsuite> <!-- selenium4Tests.keyBoardActions -->
