<?xml version="1.0" encoding="UTF-8"?>
<!-- Generated by org.testng.reporters.JUnitReportReporter -->
<testsuite hostname="Garimas-MacBook-Air-3.local" failures="0" tests="1" name="selenium4Tests.switchingTabs" time="18.239" errors="0" timestamp="2024-01-30T18:30:34 ICT" skipped="0">
  <testcase classname="selenium4Tests.switchingTabs" name="switchTab" time="18.239"/>
</testsuite> <!-- selenium4Tests.switchingTabs -->
