<?xml version="1.0" encoding="UTF-8"?>
<!-- Generated by org.testng.reporters.JUnitReportReporter -->
<testsuite hostname="Garimas-MacBook-Air-3.local" failures="0" tests="1" name="selenium4Tests.handlingDropdowns" time="7.683" errors="0" timestamp="2024-01-30T18:30:34 ICT" skipped="0">
  <testcase classname="selenium4Tests.handlingDropdowns" name="dropDowns" time="7.683"/>
</testsuite> <!-- selenium4Tests.handlingDropdowns -->
